<?xml version="1.0" encoding="UTF-8"?>
<!-- Generated by org.testng.reporters.JUnitReportReporter -->
<testsuite hostname="Home-PC" name="scripts.SearchHelpTopics1" tests="1" failures="0" timestamp="30 Sep 2017 02:55:41 GMT" time="27.481" errors="0">
  <testcase name="searchHelpTopics1" time="27.481" classname="scripts.SearchHelpTopics1"/>
</testsuite> <!-- scripts.SearchHelpTopics1 -->
