<?xml version="1.0" encoding="UTF-8"?>
<!-- Generated by org.testng.reporters.JUnitReportReporter -->
<testsuite hostname="Home-PC" name="scripts.SearchHelpTopics4" tests="1" failures="0" timestamp="30 Sep 2017 01:20:24 GMT" time="22.524" errors="0">
  <testcase name="searchHelpTopics4" time="22.524" classname="scripts.SearchHelpTopics4"/>
</testsuite> <!-- scripts.SearchHelpTopics4 -->
