<?xml version="1.0" encoding="UTF-8"?>
<!-- Generated by org.testng.reporters.JUnitReportReporter -->
<testsuite hostname="Home-PC" name="scripts.SearchHelpTopics3" tests="1" failures="0" timestamp="1 Oct 2017 04:13:38 GMT" time="22.890" errors="0">
  <testcase name="searchHelpTopics3" time="22.890" classname="scripts.SearchHelpTopics3"/>
</testsuite> <!-- scripts.SearchHelpTopics3 -->
