<?xml version="1.0" encoding="UTF-8"?>
<!-- Generated by org.testng.reporters.JUnitReportReporter -->
<testsuite hostname="Home-PC" name="scripts.SearchHelpTopics" tests="1" failures="0" timestamp="29 Sep 2017 21:34:36 GMT" time="7.464" errors="0">
  <testcase name="searchHelpTopics" time="7.464" classname="scripts.SearchHelpTopics"/>
</testsuite> <!-- scripts.SearchHelpTopics -->
